Using pre-set license
Built from '2020.3/release' branch; Version is '2020.3.12f1 (b3b2c6512326) revision 11776710'; Using compiler version '192528614'; Build Type 'Release'
OS: 'Windows 10 Home; OS build 19043.1348; Version 2009; 64bit' Language: 'fr' Physical Memory: 8075 MB
BatchMode: 1, IsHumanControllingUs: 0, StartBugReporterOnCrash: 0, Is64bit: 1, IsPro: 0

 COMMAND LINE ARGUMENTS:
C:\Program Files\Unity\Hub\Editor\2020.3.12f1\Editor\Unity.exe
-adb2
-batchMode
-noUpm
-name
AssetImportWorker0
-projectPath
C:/Users/Admin/Documents/GitHub/Doume/Doume
-logFile
Logs/AssetImportWorker0.log
-srvPort
53471
Successfully changed project path to: C:/Users/Admin/Documents/GitHub/Doume/Doume
C:/Users/Admin/Documents/GitHub/Doume/Doume
Using Asset Import Pipeline V2.
Refreshing native plugins compatible for Editor in 95.76 ms, found 2 plugins.
Preloading 0 native plugins for Editor in 0.00 ms.
Initialize engine version: 2020.3.12f1 (b3b2c6512326)
[Subsystems] Discovering subsystems at path C:/Program Files/Unity/Hub/Editor/2020.3.12f1/Editor/Data/Resources/UnitySubsystems
[Subsystems] Discovering subsystems at path C:/Users/Admin/Documents/GitHub/Doume/Doume/Assets
GfxDevice: creating device client; threaded=0
Direct3D:
    Version:  Direct3D 11.0 [level 11.1]
    Renderer: NVIDIA GeForce GTX 1050 (ID=0x1c8d)
    Vendor:   
    VRAM:     1987 MB
    Driver:   23.21.13.8816
Initialize mono
Mono path[0] = 'C:/Program Files/Unity/Hub/Editor/2020.3.12f1/Editor/Data/Managed'
Mono path[1] = 'C:/Program Files/Unity/Hub/Editor/2020.3.12f1/Editor/Data/MonoBleedingEdge/lib/mono/unityjit'
Mono config path = 'C:/Program Files/Unity/Hub/Editor/2020.3.12f1/Editor/Data/MonoBleedingEdge/etc'
Using monoOptions --debugger-agent=transport=dt_socket,embedding=1,server=y,suspend=n,address=127.0.0.1:56356
Begin MonoManager ReloadAssembly
Registering precompiled unity dll's ...
Register platform support module: C:/Program Files/Unity/Hub/Editor/2020.3.12f1/Editor/Data/PlaybackEngines/WindowsStandaloneSupport/UnityEditor.WindowsStandalone.Extensions.dll
Registered in 0.003605 seconds.
Native extension for WindowsStandalone target not found
Refreshing native plugins compatible for Editor in 88.92 ms, found 2 plugins.
Preloading 0 native plugins for Editor in 0.00 ms.
Mono: successfully reloaded assembly
- Completed reload, in  1.796 seconds
Platform modules already initialized, skipping
Registering precompiled user dll's ...
Registered in 0.009963 seconds.
Begin MonoManager ReloadAssembly
Native extension for WindowsStandalone target not found
Refreshing native plugins compatible for Editor in 87.68 ms, found 2 plugins.
Preloading 0 native plugins for Editor in 0.00 ms.
Mono: successfully reloaded assembly
- Completed reload, in  1.818 seconds
Platform modules already initialized, skipping
========================================================================
Worker process is ready to serve import requests
Launched and connected shader compiler UnityShaderCompiler.exe after 0.08 seconds
Refreshing native plugins compatible for Editor in 0.70 ms, found 2 plugins.
Preloading 0 native plugins for Editor in 0.00 ms.
Unloading 3221 Unused Serialized files (Serialized files now loaded: 0)
System memory in use before: 145.9 MB.
System memory in use after: 146.1 MB.

Unloading 21 unused Assets to reduce memory usage. Loaded Objects now: 3657.
Total: 4.141100 ms (FindLiveObjects: 0.654900 ms CreateObjectMapping: 0.308600 ms MarkObjects: 3.036100 ms  DeleteObjects: 0.140000 ms)

AssetImportParameters requested are different than current active one (requested -> active):
  custom:framework-win-MediaFoundation: 216162199b28c13a410421893ffa2e32 -> 
  custom:video-decoder-ogg-theora: a1e56fd34408186e4bbccfd4996cb3dc -> 
  custom:container-muxer-webm: aa71ff27fc2769a1b78a27578f13a17b -> 
  custom:container-demuxer-webm: 4f35f7cbe854078d1ac9338744f61a02 -> 
  custom:container-demuxer-ogg: 62fdf1f143b41e24485cea50d1cbac27 -> 
  custom:video-encoder-webm-vp8: eb34c28f22e8b96e1ab97ce403110664 -> 
  custom:video-decoder-webm-vp8: 9c59270c3fd7afecdb556c50c9e8de78 -> 
  custom:audio-decoder-ogg-vorbis: bf7c407c2cedff20999df2af8eb42d56 -> 
  custom:audio-encoder-webm-vorbis: bf7c407c2cedff20999df2af8eb42d56 -> 
========================================================================
Received Import Request.
  path: Assets/Image/Credits.png
  artifactKey: Guid(251b06d7b63c5074fbc3949ac713e226) Importer(815301076,1909f56bfc062723c751e8b465ee728b)
Start importing Assets/Image/Credits.png using Guid(251b06d7b63c5074fbc3949ac713e226) Importer(815301076,1909f56bfc062723c751e8b465ee728b)  -> (artifact id: 'f0c55b791a3bf30a1072ab9d7830afac') in 0.155285 seconds 
  Import took 0.164325 seconds .

========================================================================
Received Import Request.
  Time since last request: 18.551782 seconds.
  path: Assets/Prefab/Refiller/armorBonus +5.prefab
  artifactKey: Guid(14101aef3bea0a443b1ad72046d307a1) Importer(815301076,1909f56bfc062723c751e8b465ee728b)
Start importing Assets/Prefab/Refiller/armorBonus +5.prefab using Guid(14101aef3bea0a443b1ad72046d307a1) Importer(815301076,1909f56bfc062723c751e8b465ee728b)  -> (artifact id: 'e1f721f3785478132a88b2fc75eba736') in 0.546191 seconds 
  Import took 0.557420 seconds .

========================================================================
Received Import Request.
  Time since last request: 0.000456 seconds.
  path: Assets/Prefab/Refiller/armorBonus +15.prefab
  artifactKey: Guid(8c1302ec4de1b0b4da7ea6a31b6fbf4a) Importer(815301076,1909f56bfc062723c751e8b465ee728b)
Start importing Assets/Prefab/Refiller/armorBonus +15.prefab using Guid(8c1302ec4de1b0b4da7ea6a31b6fbf4a) Importer(815301076,1909f56bfc062723c751e8b465ee728b)  -> (artifact id: 'd54ae16df3a6915319b5e8d2debc346f') in 0.019229 seconds 
  Import took 0.031735 seconds .

========================================================================
Received Import Request.
  Time since last request: 0.000657 seconds.
  path: Assets/Prefab/Refiller/armorBonus +10.prefab
  artifactKey: Guid(83413372de7968649aa1b6aa01571dfe) Importer(815301076,1909f56bfc062723c751e8b465ee728b)
Start importing Assets/Prefab/Refiller/armorBonus +10.prefab using Guid(83413372de7968649aa1b6aa01571dfe) Importer(815301076,1909f56bfc062723c751e8b465ee728b)  -> (artifact id: 'cce05bf29e332c4bd450bbfe6430396c') in 0.020407 seconds 
  Import took 0.033983 seconds .

========================================================================
Received Import Request.
  Time since last request: 0.000144 seconds.
  path: Assets/Prefab/Refiller/armorBonus +20.prefab
  artifactKey: Guid(6491dd79666918140bd594efceea21d3) Importer(815301076,1909f56bfc062723c751e8b465ee728b)
Start importing Assets/Prefab/Refiller/armorBonus +20.prefab using Guid(6491dd79666918140bd594efceea21d3) Importer(815301076,1909f56bfc062723c751e8b465ee728b)  -> (artifact id: 'df0b2103ce0520a5ec77dc6a099830ad') in 0.042419 seconds 
  Import took 0.052198 seconds .

========================================================================
Received Import Request.
  Time since last request: 56.828845 seconds.
  path: Assets/sprite/PC Computer - Doom Doom II - Items & Objects Transparent.png
  artifactKey: Guid(e63981c81e5dbaf4b95a70216e061b81) Importer(815301076,1909f56bfc062723c751e8b465ee728b)
Start importing Assets/sprite/PC Computer - Doom Doom II - Items & Objects Transparent.png using Guid(e63981c81e5dbaf4b95a70216e061b81) Importer(815301076,1909f56bfc062723c751e8b465ee728b)  -> (artifact id: '970376b953f118738c77ab8e7b4e23cd') in 0.621397 seconds 
  Import took 0.632629 seconds .

========================================================================
Received Import Request.
  Time since last request: 87.349429 seconds.
  path: Assets/Prefab/Refiller/armorBonus +5.prefab
  artifactKey: Guid(14101aef3bea0a443b1ad72046d307a1) Importer(815301076,1909f56bfc062723c751e8b465ee728b)
Start importing Assets/Prefab/Refiller/armorBonus +5.prefab using Guid(14101aef3bea0a443b1ad72046d307a1) Importer(815301076,1909f56bfc062723c751e8b465ee728b)  -> (artifact id: '23255d571c717b2564c35f764781f9ce') in 0.725629 seconds 
  Import took 0.736194 seconds .

========================================================================
Received Import Request.
  Time since last request: 0.000501 seconds.
  path: Assets/Prefab/Refiller/armorBonus +15.prefab
  artifactKey: Guid(8c1302ec4de1b0b4da7ea6a31b6fbf4a) Importer(815301076,1909f56bfc062723c751e8b465ee728b)
Start importing Assets/Prefab/Refiller/armorBonus +15.prefab using Guid(8c1302ec4de1b0b4da7ea6a31b6fbf4a) Importer(815301076,1909f56bfc062723c751e8b465ee728b)  -> (artifact id: 'a2e60b4d9e6b2fafacdcfb6fe08b8059') in 0.020953 seconds 
  Import took 0.029409 seconds .

========================================================================
Received Import Request.
  Time since last request: 0.000474 seconds.
  path: Assets/Prefab/Refiller/armorBonus +10.prefab
  artifactKey: Guid(83413372de7968649aa1b6aa01571dfe) Importer(815301076,1909f56bfc062723c751e8b465ee728b)
Start importing Assets/Prefab/Refiller/armorBonus +10.prefab using Guid(83413372de7968649aa1b6aa01571dfe) Importer(815301076,1909f56bfc062723c751e8b465ee728b)  -> (artifact id: 'd0b76c639956666900f3167791f843af') in 0.025203 seconds 
  Import took 0.036218 seconds .

========================================================================
Received Import Request.
  Time since last request: 0.000447 seconds.
  path: Assets/Prefab/Refiller/armorBonus +20.prefab
  artifactKey: Guid(6491dd79666918140bd594efceea21d3) Importer(815301076,1909f56bfc062723c751e8b465ee728b)
Start importing Assets/Prefab/Refiller/armorBonus +20.prefab using Guid(6491dd79666918140bd594efceea21d3) Importer(815301076,1909f56bfc062723c751e8b465ee728b)  -> (artifact id: 'c57f9cb306810744cdb0aec52c166c42') in 0.025349 seconds 
  Import took 0.035500 seconds .

========================================================================
Received Prepare
Registering precompiled user dll's ...
Registered in 0.009194 seconds.
Begin MonoManager ReloadAssembly
Native extension for WindowsStandalone target not found
Refreshing native plugins compatible for Editor in 0.74 ms, found 2 plugins.
Preloading 0 native plugins for Editor in 0.00 ms.
Mono: successfully reloaded assembly
- Completed reload, in  1.772 seconds
Platform modules already initialized, skipping
Refreshing native plugins compatible for Editor in 0.75 ms, found 2 plugins.
Preloading 0 native plugins for Editor in 0.00 ms.
Unloading 3086 Unused Serialized files (Serialized files now loaded: 0)
System memory in use before: 141.6 MB.
System memory in use after: 141.8 MB.

Unloading 16 unused Assets to reduce memory usage. Loaded Objects now: 3726.
Total: 3.947700 ms (FindLiveObjects: 0.369800 ms CreateObjectMapping: 0.215100 ms MarkObjects: 3.266000 ms  DeleteObjects: 0.095600 ms)

AssetImportParameters requested are different than current active one (requested -> active):
  custom:framework-win-MediaFoundation: 216162199b28c13a410421893ffa2e32 -> 
  custom:video-decoder-ogg-theora: a1e56fd34408186e4bbccfd4996cb3dc -> 
  custom:container-muxer-webm: aa71ff27fc2769a1b78a27578f13a17b -> 
  custom:container-demuxer-webm: 4f35f7cbe854078d1ac9338744f61a02 -> 
  custom:container-demuxer-ogg: 62fdf1f143b41e24485cea50d1cbac27 -> 
  custom:video-encoder-webm-vp8: eb34c28f22e8b96e1ab97ce403110664 -> 
  custom:video-decoder-webm-vp8: 9c59270c3fd7afecdb556c50c9e8de78 -> 
  custom:audio-decoder-ogg-vorbis: bf7c407c2cedff20999df2af8eb42d56 -> 
  custom:audio-encoder-webm-vorbis: bf7c407c2cedff20999df2af8eb42d56 -> 
========================================================================
Received Import Request.
  Time since last request: 291.870109 seconds.
  path: Assets/Prefab/Refiller/armorBonus +5.prefab
  artifactKey: Guid(14101aef3bea0a443b1ad72046d307a1) Importer(815301076,1909f56bfc062723c751e8b465ee728b)
Start importing Assets/Prefab/Refiller/armorBonus +5.prefab using Guid(14101aef3bea0a443b1ad72046d307a1) Importer(815301076,1909f56bfc062723c751e8b465ee728b)  -> (artifact id: 'f0dd9183a113aa8eb133794de93578f2') in 0.754444 seconds 
  Import took 0.762053 seconds .

========================================================================
Received Import Request.
  Time since last request: 61.354233 seconds.
  path: Assets/Prefab/Refiller/ammoBox.prefab
  artifactKey: Guid(633179686391b2d4c91a295926c6d981) Importer(815301076,1909f56bfc062723c751e8b465ee728b)
Start importing Assets/Prefab/Refiller/ammoBox.prefab using Guid(633179686391b2d4c91a295926c6d981) Importer(815301076,1909f56bfc062723c751e8b465ee728b)  -> (artifact id: 'ad582b5dff38bc903be896a0c073524a') in 0.016934 seconds 
  Import took 0.028426 seconds .

========================================================================
Received Import Request.
  Time since last request: 0.000475 seconds.
  path: Assets/Prefab/Refiller/armorBonus +15.prefab
  artifactKey: Guid(8c1302ec4de1b0b4da7ea6a31b6fbf4a) Importer(815301076,1909f56bfc062723c751e8b465ee728b)
Start importing Assets/Prefab/Refiller/armorBonus +15.prefab using Guid(8c1302ec4de1b0b4da7ea6a31b6fbf4a) Importer(815301076,1909f56bfc062723c751e8b465ee728b)  -> (artifact id: 'cd28abdaed6d4930f30b0e0fe673f45c') in 0.026262 seconds 
  Import took 0.034244 seconds .

========================================================================
Received Import Request.
  Time since last request: 0.000452 seconds.
  path: Assets/Prefab/Refiller/armorBonus +10.prefab
  artifactKey: Guid(83413372de7968649aa1b6aa01571dfe) Importer(815301076,1909f56bfc062723c751e8b465ee728b)
Start importing Assets/Prefab/Refiller/armorBonus +10.prefab using Guid(83413372de7968649aa1b6aa01571dfe) Importer(815301076,1909f56bfc062723c751e8b465ee728b)  -> (artifact id: '85f310011df7e5b981d57cfd23594b02') in 0.023875 seconds 
  Import took 0.038102 seconds .

========================================================================
Received Import Request.
  Time since last request: 0.000404 seconds.
  path: Assets/Prefab/Refiller/ShotgunAmmoBox.prefab
  artifactKey: Guid(1d65c5ccdec87da428cf4e7fe81a1835) Importer(815301076,1909f56bfc062723c751e8b465ee728b)
Start importing Assets/Prefab/Refiller/ShotgunAmmoBox.prefab using Guid(1d65c5ccdec87da428cf4e7fe81a1835) Importer(815301076,1909f56bfc062723c751e8b465ee728b)  -> (artifact id: '44dd377ce26452e903ab4321627cb70a') in 0.023572 seconds 
  Import took 0.038278 seconds .

========================================================================
Received Import Request.
  Time since last request: 0.000659 seconds.
  path: Assets/Prefab/Refiller/armorBonus +20.prefab
  artifactKey: Guid(6491dd79666918140bd594efceea21d3) Importer(815301076,1909f56bfc062723c751e8b465ee728b)
Start importing Assets/Prefab/Refiller/armorBonus +20.prefab using Guid(6491dd79666918140bd594efceea21d3) Importer(815301076,1909f56bfc062723c751e8b465ee728b)  -> (artifact id: '2df4a6bd14c887cbbc3f4e875baec0ce') in 0.020006 seconds 
  Import took 0.030758 seconds .

========================================================================
Received Import Request.
  Time since last request: 0.000530 seconds.
  path: Assets/Prefab/Refiller/GunAmmoBox.prefab
  artifactKey: Guid(59c6d412355859a45960ecd1d2afaba7) Importer(815301076,1909f56bfc062723c751e8b465ee728b)
Start importing Assets/Prefab/Refiller/GunAmmoBox.prefab using Guid(59c6d412355859a45960ecd1d2afaba7) Importer(815301076,1909f56bfc062723c751e8b465ee728b)  -> (artifact id: '05ee37f9edd27de8e7b71583c405b4a8') in 0.021538 seconds 
  Import took 0.035426 seconds .

========================================================================
Received Import Request.
  Time since last request: 0.000454 seconds.
  path: Assets/Prefab/Refiller/armorBonus +20.prefab
  artifactKey: Guid(6491dd79666918140bd594efceea21d3) Importer(815301076,1909f56bfc062723c751e8b465ee728b)
Start importing Assets/Prefab/Refiller/armorBonus +20.prefab using Guid(6491dd79666918140bd594efceea21d3) Importer(815301076,1909f56bfc062723c751e8b465ee728b)  -> (artifact id: '2df4a6bd14c887cbbc3f4e875baec0ce') in 0.027352 seconds 
  Import took 0.044785 seconds .

========================================================================
Received Import Request.
  Time since last request: 0.000480 seconds.
  path: Assets/Prefab/Refiller/GunAmmoBox.prefab
  artifactKey: Guid(59c6d412355859a45960ecd1d2afaba7) Importer(815301076,1909f56bfc062723c751e8b465ee728b)
Start importing Assets/Prefab/Refiller/GunAmmoBox.prefab using Guid(59c6d412355859a45960ecd1d2afaba7) Importer(815301076,1909f56bfc062723c751e8b465ee728b)  -> (artifact id: '05ee37f9edd27de8e7b71583c405b4a8') in 0.027613 seconds 
  Import took 0.037751 seconds .

========================================================================
Received Import Request.
  Time since last request: 49.421455 seconds.
  path: Assets/Prefab/Refiller/armorBonus +5.prefab
  artifactKey: Guid(14101aef3bea0a443b1ad72046d307a1) Importer(815301076,1909f56bfc062723c751e8b465ee728b)
Start importing Assets/Prefab/Refiller/armorBonus +5.prefab using Guid(14101aef3bea0a443b1ad72046d307a1) Importer(815301076,1909f56bfc062723c751e8b465ee728b)  -> (artifact id: '1b4bea77ab6037f1287a37c6465dc2c4') in 0.536269 seconds 
  Import took 0.545908 seconds .

========================================================================
Received Import Request.
  Time since last request: 0.000483 seconds.
  path: Assets/Prefab/Refiller/armorBonus +15.prefab
  artifactKey: Guid(8c1302ec4de1b0b4da7ea6a31b6fbf4a) Importer(815301076,1909f56bfc062723c751e8b465ee728b)
Start importing Assets/Prefab/Refiller/armorBonus +15.prefab using Guid(8c1302ec4de1b0b4da7ea6a31b6fbf4a) Importer(815301076,1909f56bfc062723c751e8b465ee728b)  -> (artifact id: '19920b36f309e6831fc73b94975154ee') in 0.020888 seconds 
  Import took 0.029518 seconds .

========================================================================
Received Import Request.
  Time since last request: 0.000388 seconds.
  path: Assets/Prefab/Refiller/armorBonus +10.prefab
  artifactKey: Guid(83413372de7968649aa1b6aa01571dfe) Importer(815301076,1909f56bfc062723c751e8b465ee728b)
Start importing Assets/Prefab/Refiller/armorBonus +10.prefab using Guid(83413372de7968649aa1b6aa01571dfe) Importer(815301076,1909f56bfc062723c751e8b465ee728b)  -> (artifact id: '5843fb37e00b72ab48ca5b45a9312ac0') in 0.027270 seconds 
  Import took 0.040302 seconds .

========================================================================
Received Import Request.
  Time since last request: 0.000659 seconds.
  path: Assets/Prefab/Refiller/armorBonus +20.prefab
  artifactKey: Guid(6491dd79666918140bd594efceea21d3) Importer(815301076,1909f56bfc062723c751e8b465ee728b)
Start importing Assets/Prefab/Refiller/armorBonus +20.prefab using Guid(6491dd79666918140bd594efceea21d3) Importer(815301076,1909f56bfc062723c751e8b465ee728b)  -> (artifact id: '32e5e3a93a6ee13c10473f0a6a2a3c12') in 0.020710 seconds 
  Import took 0.030069 seconds .

========================================================================
Received Import Request.
  Time since last request: 24.556839 seconds.
  path: Assets/Prefab/Refiller/armorBonus +10.prefab
  artifactKey: Guid(83413372de7968649aa1b6aa01571dfe) Importer(815301076,1909f56bfc062723c751e8b465ee728b)
Start importing Assets/Prefab/Refiller/armorBonus +10.prefab using Guid(83413372de7968649aa1b6aa01571dfe) Importer(815301076,1909f56bfc062723c751e8b465ee728b)  -> (artifact id: '0085ddc1d2484250e258f5fc8f9a1b72') in 0.546411 seconds 
  Import took 0.559083 seconds .

========================================================================
Received Import Request.
  Time since last request: 0.000460 seconds.
  path: Assets/Prefab/Refiller/armorBonus +15.prefab
  artifactKey: Guid(8c1302ec4de1b0b4da7ea6a31b6fbf4a) Importer(815301076,1909f56bfc062723c751e8b465ee728b)
Start importing Assets/Prefab/Refiller/armorBonus +15.prefab using Guid(8c1302ec4de1b0b4da7ea6a31b6fbf4a) Importer(815301076,1909f56bfc062723c751e8b465ee728b)  -> (artifact id: '5d3ab31b9e0ea111f4609ce6cf63d43d') in 0.029537 seconds 
  Import took 0.046869 seconds .

========================================================================
Received Import Request.
  Time since last request: 0.000629 seconds.
  path: Assets/Prefab/Refiller/armorBonus +20.prefab
  artifactKey: Guid(6491dd79666918140bd594efceea21d3) Importer(815301076,1909f56bfc062723c751e8b465ee728b)
Start importing Assets/Prefab/Refiller/armorBonus +20.prefab using Guid(6491dd79666918140bd594efceea21d3) Importer(815301076,1909f56bfc062723c751e8b465ee728b)  -> (artifact id: 'bc2744811378660d26c30a299bc7cf7c') in 0.019808 seconds 
  Import took 0.034799 seconds .

========================================================================
Received Import Request.
  Time since last request: 2.417629 seconds.
  path: Assets/Prefab/Refiller/armorBonus +15.prefab
  artifactKey: Guid(8c1302ec4de1b0b4da7ea6a31b6fbf4a) Importer(815301076,1909f56bfc062723c751e8b465ee728b)
Start importing Assets/Prefab/Refiller/armorBonus +15.prefab using Guid(8c1302ec4de1b0b4da7ea6a31b6fbf4a) Importer(815301076,1909f56bfc062723c751e8b465ee728b)  -> (artifact id: 'af0407816af64107db673eb3665e20f1') in 0.018985 seconds 
  Import took 0.027703 seconds .

========================================================================
Received Import Request.
  Time since last request: 0.023854 seconds.
  path: Assets/Prefab/Refiller/armorBonus +15.prefab
  artifactKey: Guid(8c1302ec4de1b0b4da7ea6a31b6fbf4a) Importer(815301076,1909f56bfc062723c751e8b465ee728b)
Start importing Assets/Prefab/Refiller/armorBonus +15.prefab using Guid(8c1302ec4de1b0b4da7ea6a31b6fbf4a) Importer(815301076,1909f56bfc062723c751e8b465ee728b)  -> (artifact id: 'af0407816af64107db673eb3665e20f1') in 0.019747 seconds 
  Import took 0.031382 seconds .

========================================================================
Received Import Request.
  Time since last request: 0.000881 seconds.
  path: Assets/Prefab/Refiller/armorBonus +20.prefab
  artifactKey: Guid(6491dd79666918140bd594efceea21d3) Importer(815301076,1909f56bfc062723c751e8b465ee728b)
Start importing Assets/Prefab/Refiller/armorBonus +20.prefab using Guid(6491dd79666918140bd594efceea21d3) Importer(815301076,1909f56bfc062723c751e8b465ee728b)  -> (artifact id: '23cecae07ae59b585298ffd924def602') in 0.021366 seconds 
  Import took 0.033240 seconds .

========================================================================
Received Import Request.
  Time since last request: 3.700093 seconds.
  path: Assets/Prefab/Refiller/armorBonus +20.prefab
  artifactKey: Guid(6491dd79666918140bd594efceea21d3) Importer(815301076,1909f56bfc062723c751e8b465ee728b)
Start importing Assets/Prefab/Refiller/armorBonus +20.prefab using Guid(6491dd79666918140bd594efceea21d3) Importer(815301076,1909f56bfc062723c751e8b465ee728b)  -> (artifact id: 'aa9d70216975d6208257a97b1691785d') in 0.022266 seconds 
  Import took 0.032418 seconds .

========================================================================
Received Import Request.
  Time since last request: 0.021881 seconds.
  path: Assets/Prefab/Refiller/armorBonus +20.prefab
  artifactKey: Guid(6491dd79666918140bd594efceea21d3) Importer(815301076,1909f56bfc062723c751e8b465ee728b)
Start importing Assets/Prefab/Refiller/armorBonus +20.prefab using Guid(6491dd79666918140bd594efceea21d3) Importer(815301076,1909f56bfc062723c751e8b465ee728b)  -> (artifact id: 'aa9d70216975d6208257a97b1691785d') in 0.021098 seconds 
  Import took 0.039378 seconds .

========================================================================
Received Import Request.
  Time since last request: 19.031880 seconds.
  path: Assets/Ennemi/Ennemie/Ennemie.prefab
  artifactKey: Guid(1a57efc3744091146966bc25a620589d) Importer(815301076,1909f56bfc062723c751e8b465ee728b)
Start importing Assets/Ennemi/Ennemie/Ennemie.prefab using Guid(1a57efc3744091146966bc25a620589d) Importer(815301076,1909f56bfc062723c751e8b465ee728b)  -> (artifact id: '7145c7758e0701b6ce2da7c7a4335edc') in 0.565407 seconds 
  Import took 0.593327 seconds .

========================================================================
Received Import Request.
  Time since last request: 0.207467 seconds.
  path: Assets/Ennemi/Ennemie/Ennemie.prefab
  artifactKey: Guid(1a57efc3744091146966bc25a620589d) Importer(815301076,1909f56bfc062723c751e8b465ee728b)
Start importing Assets/Ennemi/Ennemie/Ennemie.prefab using Guid(1a57efc3744091146966bc25a620589d) Importer(815301076,1909f56bfc062723c751e8b465ee728b)  -> (artifact id: '9aeb916136b3699f5a437f1282f786b3') in 0.049750 seconds 
  Import took 0.065220 seconds .

========================================================================
Received Import Request.
  Time since last request: 0.533375 seconds.
  path: Assets/Ennemi/Ennemie/Ennemie.prefab
  artifactKey: Guid(1a57efc3744091146966bc25a620589d) Importer(815301076,1909f56bfc062723c751e8b465ee728b)
Start importing Assets/Ennemi/Ennemie/Ennemie.prefab using Guid(1a57efc3744091146966bc25a620589d) Importer(815301076,1909f56bfc062723c751e8b465ee728b)  -> (artifact id: 'a574525529be7e549900d68380a86c12') in 0.020396 seconds 
  Import took 0.032964 seconds .

========================================================================
Received Import Request.
  Time since last request: 0.012485 seconds.
  path: Assets/Ennemi/Ennemie/Ennemie.prefab
  artifactKey: Guid(1a57efc3744091146966bc25a620589d) Importer(815301076,1909f56bfc062723c751e8b465ee728b)
Start importing Assets/Ennemi/Ennemie/Ennemie.prefab using Guid(1a57efc3744091146966bc25a620589d) Importer(815301076,1909f56bfc062723c751e8b465ee728b)  -> (artifact id: 'a574525529be7e549900d68380a86c12') in 0.022629 seconds 
  Import took 0.032516 seconds .

========================================================================
Received Import Request.
  Time since last request: 0.565078 seconds.
  path: Assets/Ennemi/Ennemie/Ennemie.prefab
  artifactKey: Guid(1a57efc3744091146966bc25a620589d) Importer(815301076,1909f56bfc062723c751e8b465ee728b)
Start importing Assets/Ennemi/Ennemie/Ennemie.prefab using Guid(1a57efc3744091146966bc25a620589d) Importer(815301076,1909f56bfc062723c751e8b465ee728b)  -> (artifact id: '346d455a28995d440f75351e5caadfee') in 0.019759 seconds 
  Import took 0.031471 seconds .

========================================================================
Received Import Request.
  Time since last request: 0.021342 seconds.
  path: Assets/Ennemi/Ennemie/Ennemie.prefab
  artifactKey: Guid(1a57efc3744091146966bc25a620589d) Importer(815301076,1909f56bfc062723c751e8b465ee728b)
Start importing Assets/Ennemi/Ennemie/Ennemie.prefab using Guid(1a57efc3744091146966bc25a620589d) Importer(815301076,1909f56bfc062723c751e8b465ee728b)  -> (artifact id: '346d455a28995d440f75351e5caadfee') in 0.023485 seconds 
  Import took 0.032486 seconds .

========================================================================
Received Import Request.
  Time since last request: 3.926517 seconds.
  path: Assets/Material/Lava.mat
  artifactKey: Guid(e7ae3be0bca3fe84396876d46996feaa) Importer(815301076,1909f56bfc062723c751e8b465ee728b)
Start importing Assets/Material/Lava.mat using Guid(e7ae3be0bca3fe84396876d46996feaa) Importer(815301076,1909f56bfc062723c751e8b465ee728b)  -> (artifact id: '10dc9c7c1c6f86ed691bf72a688c634c') in 0.047421 seconds 
  Import took 0.056270 seconds .

========================================================================
Received Import Request.
  Time since last request: 4.195212 seconds.
  path: Assets/Ennemi/Ennemie/Ennemie.prefab
  artifactKey: Guid(1a57efc3744091146966bc25a620589d) Importer(815301076,1909f56bfc062723c751e8b465ee728b)
Start importing Assets/Ennemi/Ennemie/Ennemie.prefab using Guid(1a57efc3744091146966bc25a620589d) Importer(815301076,1909f56bfc062723c751e8b465ee728b)  -> (artifact id: 'd5c8373d9d688549197792ef8a08a9f6') in 0.021812 seconds 
  Import took 0.033580 seconds .

========================================================================
Received Import Request.
  Time since last request: 1.759192 seconds.
  path: Assets/Ennemi/Ennemie/Ennemie.prefab
  artifactKey: Guid(1a57efc3744091146966bc25a620589d) Importer(815301076,1909f56bfc062723c751e8b465ee728b)
Start importing Assets/Ennemi/Ennemie/Ennemie.prefab using Guid(1a57efc3744091146966bc25a620589d) Importer(815301076,1909f56bfc062723c751e8b465ee728b)  -> (artifact id: 'f52c28849f647f9c787ba5556ff89807') in 0.020915 seconds 
  Import took 0.033123 seconds .

========================================================================
Received Import Request.
  Time since last request: 2.200116 seconds.
  path: Assets/Ennemi/Ennemie/Ennemie.prefab
  artifactKey: Guid(1a57efc3744091146966bc25a620589d) Importer(815301076,1909f56bfc062723c751e8b465ee728b)
Start importing Assets/Ennemi/Ennemie/Ennemie.prefab using Guid(1a57efc3744091146966bc25a620589d) Importer(815301076,1909f56bfc062723c751e8b465ee728b)  -> (artifact id: 'cdba9f27f526c5b21bf54654195442bb') in 0.023302 seconds 
  Import took 0.035506 seconds .

========================================================================
Received Import Request.
  Time since last request: 1.901859 seconds.
  path: Assets/Ennemi/Ennemie/Ennemie.prefab
  artifactKey: Guid(1a57efc3744091146966bc25a620589d) Importer(815301076,1909f56bfc062723c751e8b465ee728b)
Start importing Assets/Ennemi/Ennemie/Ennemie.prefab using Guid(1a57efc3744091146966bc25a620589d) Importer(815301076,1909f56bfc062723c751e8b465ee728b)  -> (artifact id: '90db88826043631b8a66caf4d521846e') in 0.025594 seconds 
  Import took 0.036604 seconds .

========================================================================
Received Import Request.
  Time since last request: 16.721627 seconds.
  path: Assets/Ennemi/RangeEnnemie/RangeEnnemie.prefab
  artifactKey: Guid(9fe4e4a86670cbf43b17d3a7fb9048b0) Importer(815301076,1909f56bfc062723c751e8b465ee728b)
Start importing Assets/Ennemi/RangeEnnemie/RangeEnnemie.prefab using Guid(9fe4e4a86670cbf43b17d3a7fb9048b0) Importer(815301076,1909f56bfc062723c751e8b465ee728b)  -> (artifact id: '7a2407cf48d328b222f6b1fbd3ca43d5') in 0.544701 seconds 
  Import took 0.553469 seconds .

========================================================================
Received Import Request.
  Time since last request: 7.001848 seconds.
  path: Assets/Ennemi/RangeEnnemie/RangeEnnemie.prefab
  artifactKey: Guid(9fe4e4a86670cbf43b17d3a7fb9048b0) Importer(815301076,1909f56bfc062723c751e8b465ee728b)
Start importing Assets/Ennemi/RangeEnnemie/RangeEnnemie.prefab using Guid(9fe4e4a86670cbf43b17d3a7fb9048b0) Importer(815301076,1909f56bfc062723c751e8b465ee728b)  -> (artifact id: 'c7aeda5ebb60b8b60913f1004ae16322') in 0.022607 seconds 
  Import took 0.034696 seconds .

========================================================================
Received Import Request.
  Time since last request: 63.471053 seconds.
  path: Assets/Ennemi/Training Dump/Training Dump.prefab
  artifactKey: Guid(ced695f0be6eaf647a24cf8108a727f1) Importer(815301076,1909f56bfc062723c751e8b465ee728b)
Start importing Assets/Ennemi/Training Dump/Training Dump.prefab using Guid(ced695f0be6eaf647a24cf8108a727f1) Importer(815301076,1909f56bfc062723c751e8b465ee728b)  -> (artifact id: '01d10b8418eb2d5b579db224c7abb8aa') in 0.558503 seconds 
  Import took 0.566950 seconds .

========================================================================
Received Prepare
Registering precompiled user dll's ...
Registered in 0.009904 seconds.
Begin MonoManager ReloadAssembly
Native extension for WindowsStandalone target not found
Refreshing native plugins compatible for Editor in 0.77 ms, found 2 plugins.
Preloading 0 native plugins for Editor in 0.00 ms.
Mono: successfully reloaded assembly
- Completed reload, in  2.429 seconds
Platform modules already initialized, skipping
Refreshing native plugins compatible for Editor in 0.74 ms, found 2 plugins.
Preloading 0 native plugins for Editor in 0.00 ms.
Unloading 3086 Unused Serialized files (Serialized files now loaded: 0)
System memory in use before: 142.0 MB.
System memory in use after: 142.2 MB.

Unloading 16 unused Assets to reduce memory usage. Loaded Objects now: 3798.
Total: 4.002400 ms (FindLiveObjects: 0.411200 ms CreateObjectMapping: 0.205700 ms MarkObjects: 3.289300 ms  DeleteObjects: 0.094500 ms)

AssetImportParameters requested are different than current active one (requested -> active):
  custom:framework-win-MediaFoundation: 216162199b28c13a410421893ffa2e32 -> 
  custom:video-decoder-ogg-theora: a1e56fd34408186e4bbccfd4996cb3dc -> 
  custom:container-muxer-webm: aa71ff27fc2769a1b78a27578f13a17b -> 
  custom:container-demuxer-webm: 4f35f7cbe854078d1ac9338744f61a02 -> 
  custom:container-demuxer-ogg: 62fdf1f143b41e24485cea50d1cbac27 -> 
  custom:video-encoder-webm-vp8: eb34c28f22e8b96e1ab97ce403110664 -> 
  custom:video-decoder-webm-vp8: 9c59270c3fd7afecdb556c50c9e8de78 -> 
  custom:audio-decoder-ogg-vorbis: bf7c407c2cedff20999df2af8eb42d56 -> 
  custom:audio-encoder-webm-vorbis: bf7c407c2cedff20999df2af8eb42d56 -> 
========================================================================
Received Prepare
Registering precompiled user dll's ...
Registered in 0.010520 seconds.
Begin MonoManager ReloadAssembly
Native extension for WindowsStandalone target not found
Refreshing native plugins compatible for Editor in 0.79 ms, found 2 plugins.
Preloading 0 native plugins for Editor in 0.00 ms.
Mono: successfully reloaded assembly
- Completed reload, in  1.781 seconds
Platform modules already initialized, skipping
Refreshing native plugins compatible for Editor in 0.73 ms, found 2 plugins.
Preloading 0 native plugins for Editor in 0.00 ms.
Unloading 3086 Unused Serialized files (Serialized files now loaded: 0)
System memory in use before: 142.0 MB.
System memory in use after: 142.2 MB.

Unloading 16 unused Assets to reduce memory usage. Loaded Objects now: 3800.
Total: 3.935100 ms (FindLiveObjects: 0.385700 ms CreateObjectMapping: 0.243100 ms MarkObjects: 3.208900 ms  DeleteObjects: 0.095300 ms)

AssetImportParameters requested are different than current active one (requested -> active):
  custom:framework-win-MediaFoundation: 216162199b28c13a410421893ffa2e32 -> 
  custom:video-decoder-ogg-theora: a1e56fd34408186e4bbccfd4996cb3dc -> 
  custom:container-muxer-webm: aa71ff27fc2769a1b78a27578f13a17b -> 
  custom:container-demuxer-webm: 4f35f7cbe854078d1ac9338744f61a02 -> 
  custom:container-demuxer-ogg: 62fdf1f143b41e24485cea50d1cbac27 -> 
  custom:video-encoder-webm-vp8: eb34c28f22e8b96e1ab97ce403110664 -> 
  custom:video-decoder-webm-vp8: 9c59270c3fd7afecdb556c50c9e8de78 -> 
  custom:audio-decoder-ogg-vorbis: bf7c407c2cedff20999df2af8eb42d56 -> 
  custom:audio-encoder-webm-vorbis: bf7c407c2cedff20999df2af8eb42d56 -> 
========================================================================
Received Import Request.
  Time since last request: 383.499112 seconds.
  path: Assets/Ennemi/Training Dump/Training Dump.prefab
  artifactKey: Guid(ced695f0be6eaf647a24cf8108a727f1) Importer(815301076,1909f56bfc062723c751e8b465ee728b)
Start importing Assets/Ennemi/Training Dump/Training Dump.prefab using Guid(ced695f0be6eaf647a24cf8108a727f1) Importer(815301076,1909f56bfc062723c751e8b465ee728b)  -> (artifact id: '4e7078503a5364418739cc700cf7dab7') in 0.241550 seconds 
  Import took 0.251203 seconds .

========================================================================
Received Prepare
Registering precompiled user dll's ...
Registered in 0.011269 seconds.
Begin MonoManager ReloadAssembly
Native extension for WindowsStandalone target not found
Refreshing native plugins compatible for Editor in 0.81 ms, found 2 plugins.
Preloading 0 native plugins for Editor in 0.00 ms.
Mono: successfully reloaded assembly
- Completed reload, in  1.809 seconds
Platform modules already initialized, skipping
Refreshing native plugins compatible for Editor in 0.75 ms, found 2 plugins.
Preloading 0 native plugins for Editor in 0.00 ms.
Unloading 3086 Unused Serialized files (Serialized files now loaded: 0)
System memory in use before: 142.2 MB.
System memory in use after: 142.4 MB.

Unloading 16 unused Assets to reduce memory usage. Loaded Objects now: 3838.
Total: 4.333100 ms (FindLiveObjects: 0.638300 ms CreateObjectMapping: 0.293400 ms MarkObjects: 3.296600 ms  DeleteObjects: 0.103400 ms)

AssetImportParameters requested are different than current active one (requested -> active):
  custom:framework-win-MediaFoundation: 216162199b28c13a410421893ffa2e32 -> 
  custom:video-decoder-ogg-theora: a1e56fd34408186e4bbccfd4996cb3dc -> 
  custom:container-muxer-webm: aa71ff27fc2769a1b78a27578f13a17b -> 
  custom:container-demuxer-webm: 4f35f7cbe854078d1ac9338744f61a02 -> 
  custom:container-demuxer-ogg: 62fdf1f143b41e24485cea50d1cbac27 -> 
  custom:video-encoder-webm-vp8: eb34c28f22e8b96e1ab97ce403110664 -> 
  custom:video-decoder-webm-vp8: 9c59270c3fd7afecdb556c50c9e8de78 -> 
  custom:audio-decoder-ogg-vorbis: bf7c407c2cedff20999df2af8eb42d56 -> 
  custom:audio-encoder-webm-vorbis: bf7c407c2cedff20999df2af8eb42d56 -> 
========================================================================
Received Prepare
Registering precompiled user dll's ...
Registered in 0.009083 seconds.
Begin MonoManager ReloadAssembly
Native extension for WindowsStandalone target not found
Refreshing native plugins compatible for Editor in 0.78 ms, found 2 plugins.
Preloading 0 native plugins for Editor in 0.00 ms.
Mono: successfully reloaded assembly
- Completed reload, in  1.935 seconds
Platform modules already initialized, skipping
Refreshing native plugins compatible for Editor in 0.74 ms, found 2 plugins.
Preloading 0 native plugins for Editor in 0.00 ms.
Unloading 3086 Unused Serialized files (Serialized files now loaded: 0)
System memory in use before: 142.2 MB.
System memory in use after: 142.4 MB.

Unloading 16 unused Assets to reduce memory usage. Loaded Objects now: 3840.
Total: 4.322300 ms (FindLiveObjects: 0.535400 ms CreateObjectMapping: 0.218800 ms MarkObjects: 3.473400 ms  DeleteObjects: 0.093500 ms)

AssetImportParameters requested are different than current active one (requested -> active):
  custom:framework-win-MediaFoundation: 216162199b28c13a410421893ffa2e32 -> 
  custom:video-decoder-ogg-theora: a1e56fd34408186e4bbccfd4996cb3dc -> 
  custom:container-muxer-webm: aa71ff27fc2769a1b78a27578f13a17b -> 
  custom:container-demuxer-webm: 4f35f7cbe854078d1ac9338744f61a02 -> 
  custom:container-demuxer-ogg: 62fdf1f143b41e24485cea50d1cbac27 -> 
  custom:video-encoder-webm-vp8: eb34c28f22e8b96e1ab97ce403110664 -> 
  custom:video-decoder-webm-vp8: 9c59270c3fd7afecdb556c50c9e8de78 -> 
  custom:audio-decoder-ogg-vorbis: bf7c407c2cedff20999df2af8eb42d56 -> 
  custom:audio-encoder-webm-vorbis: bf7c407c2cedff20999df2af8eb42d56 -> 
========================================================================
Received Prepare
Registering precompiled user dll's ...
Registered in 0.010800 seconds.
Begin MonoManager ReloadAssembly
Native extension for WindowsStandalone target not found
Refreshing native plugins compatible for Editor in 0.76 ms, found 2 plugins.
Preloading 0 native plugins for Editor in 0.00 ms.
Mono: successfully reloaded assembly
- Completed reload, in  1.703 seconds
Platform modules already initialized, skipping
Refreshing native plugins compatible for Editor in 0.75 ms, found 2 plugins.
Preloading 0 native plugins for Editor in 0.00 ms.
Unloading 3086 Unused Serialized files (Serialized files now loaded: 0)
System memory in use before: 142.2 MB.
System memory in use after: 142.4 MB.

Unloading 16 unused Assets to reduce memory usage. Loaded Objects now: 3842.
Total: 5.204600 ms (FindLiveObjects: 0.623200 ms CreateObjectMapping: 0.316900 ms MarkObjects: 4.130900 ms  DeleteObjects: 0.131200 ms)

AssetImportParameters requested are different than current active one (requested -> active):
  custom:framework-win-MediaFoundation: 216162199b28c13a410421893ffa2e32 -> 
  custom:video-decoder-ogg-theora: a1e56fd34408186e4bbccfd4996cb3dc -> 
  custom:container-muxer-webm: aa71ff27fc2769a1b78a27578f13a17b -> 
  custom:container-demuxer-webm: 4f35f7cbe854078d1ac9338744f61a02 -> 
  custom:container-demuxer-ogg: 62fdf1f143b41e24485cea50d1cbac27 -> 
  custom:video-encoder-webm-vp8: eb34c28f22e8b96e1ab97ce403110664 -> 
  custom:video-decoder-webm-vp8: 9c59270c3fd7afecdb556c50c9e8de78 -> 
  custom:audio-decoder-ogg-vorbis: bf7c407c2cedff20999df2af8eb42d56 -> 
  custom:audio-encoder-webm-vorbis: bf7c407c2cedff20999df2af8eb42d56 -> 
========================================================================
Received Prepare
Registering precompiled user dll's ...
Registered in 0.009623 seconds.
Begin MonoManager ReloadAssembly
Native extension for WindowsStandalone target not found
Refreshing native plugins compatible for Editor in 0.88 ms, found 2 plugins.
Preloading 0 native plugins for Editor in 0.00 ms.
Mono: successfully reloaded assembly
- Completed reload, in  1.762 seconds
Platform modules already initialized, skipping
Refreshing native plugins compatible for Editor in 0.76 ms, found 2 plugins.
Preloading 0 native plugins for Editor in 0.00 ms.
Unloading 3086 Unused Serialized files (Serialized files now loaded: 0)
System memory in use before: 142.2 MB.
System memory in use after: 142.4 MB.

Unloading 16 unused Assets to reduce memory usage. Loaded Objects now: 3844.
Total: 4.749400 ms (FindLiveObjects: 0.392000 ms CreateObjectMapping: 0.226100 ms MarkObjects: 4.020600 ms  DeleteObjects: 0.109200 ms)

AssetImportParameters requested are different than current active one (requested -> active):
  custom:framework-win-MediaFoundation: 216162199b28c13a410421893ffa2e32 -> 
  custom:video-decoder-ogg-theora: a1e56fd34408186e4bbccfd4996cb3dc -> 
  custom:container-muxer-webm: aa71ff27fc2769a1b78a27578f13a17b -> 
  custom:container-demuxer-webm: 4f35f7cbe854078d1ac9338744f61a02 -> 
  custom:container-demuxer-ogg: 62fdf1f143b41e24485cea50d1cbac27 -> 
  custom:video-encoder-webm-vp8: eb34c28f22e8b96e1ab97ce403110664 -> 
  custom:video-decoder-webm-vp8: 9c59270c3fd7afecdb556c50c9e8de78 -> 
  custom:audio-decoder-ogg-vorbis: bf7c407c2cedff20999df2af8eb42d56 -> 
  custom:audio-encoder-webm-vorbis: bf7c407c2cedff20999df2af8eb42d56 -> 
========================================================================
Received Import Request.
  Time since last request: 228.808494 seconds.
  path: Assets/Ennemi/Training Dump/Training Dump.prefab
  artifactKey: Guid(ced695f0be6eaf647a24cf8108a727f1) Importer(815301076,1909f56bfc062723c751e8b465ee728b)
Start importing Assets/Ennemi/Training Dump/Training Dump.prefab using Guid(ced695f0be6eaf647a24cf8108a727f1) Importer(815301076,1909f56bfc062723c751e8b465ee728b)  -> (artifact id: '0b73dec777ff96ef385d2ac8c1777312') in 0.751507 seconds 
  Import took 0.760769 seconds .

========================================================================
Received Prepare
Registering precompiled user dll's ...
Registered in 0.009185 seconds.
Begin MonoManager ReloadAssembly
Native extension for WindowsStandalone target not found
Refreshing native plugins compatible for Editor in 0.73 ms, found 2 plugins.
Preloading 0 native plugins for Editor in 0.00 ms.
Mono: successfully reloaded assembly
- Completed reload, in  2.016 seconds
Platform modules already initialized, skipping
Refreshing native plugins compatible for Editor in 0.73 ms, found 2 plugins.
Preloading 0 native plugins for Editor in 0.00 ms.
Unloading 3086 Unused Serialized files (Serialized files now loaded: 0)
System memory in use before: 142.3 MB.
System memory in use after: 142.5 MB.

Unloading 16 unused Assets to reduce memory usage. Loaded Objects now: 3882.
Total: 3.911700 ms (FindLiveObjects: 0.380900 ms CreateObjectMapping: 0.198800 ms MarkObjects: 3.220200 ms  DeleteObjects: 0.110200 ms)

AssetImportParameters requested are different than current active one (requested -> active):
  custom:framework-win-MediaFoundation: 216162199b28c13a410421893ffa2e32 -> 
  custom:video-decoder-ogg-theora: a1e56fd34408186e4bbccfd4996cb3dc -> 
  custom:container-muxer-webm: aa71ff27fc2769a1b78a27578f13a17b -> 
  custom:container-demuxer-webm: 4f35f7cbe854078d1ac9338744f61a02 -> 
  custom:container-demuxer-ogg: 62fdf1f143b41e24485cea50d1cbac27 -> 
  custom:video-encoder-webm-vp8: eb34c28f22e8b96e1ab97ce403110664 -> 
  custom:video-decoder-webm-vp8: 9c59270c3fd7afecdb556c50c9e8de78 -> 
  custom:audio-decoder-ogg-vorbis: bf7c407c2cedff20999df2af8eb42d56 -> 
  custom:audio-encoder-webm-vorbis: bf7c407c2cedff20999df2af8eb42d56 -> 
========================================================================
Received Prepare
Registering precompiled user dll's ...
Registered in 0.018366 seconds.
Begin MonoManager ReloadAssembly
Native extension for WindowsStandalone target not found
Refreshing native plugins compatible for Editor in 1.08 ms, found 2 plugins.
Preloading 0 native plugins for Editor in 0.00 ms.
Mono: successfully reloaded assembly
- Completed reload, in  2.549 seconds
Platform modules already initialized, skipping
Refreshing native plugins compatible for Editor in 0.89 ms, found 2 plugins.
Preloading 0 native plugins for Editor in 0.00 ms.
Unloading 3086 Unused Serialized files (Serialized files now loaded: 0)
System memory in use before: 142.3 MB.
System memory in use after: 142.5 MB.

Unloading 16 unused Assets to reduce memory usage. Loaded Objects now: 3884.
Total: 5.200900 ms (FindLiveObjects: 0.464600 ms CreateObjectMapping: 0.248800 ms MarkObjects: 4.371500 ms  DeleteObjects: 0.114400 ms)

AssetImportParameters requested are different than current active one (requested -> active):
  custom:framework-win-MediaFoundation: 216162199b28c13a410421893ffa2e32 -> 
  custom:video-decoder-ogg-theora: a1e56fd34408186e4bbccfd4996cb3dc -> 
  custom:container-muxer-webm: aa71ff27fc2769a1b78a27578f13a17b -> 
  custom:container-demuxer-webm: 4f35f7cbe854078d1ac9338744f61a02 -> 
  custom:container-demuxer-ogg: 62fdf1f143b41e24485cea50d1cbac27 -> 
  custom:video-encoder-webm-vp8: eb34c28f22e8b96e1ab97ce403110664 -> 
  custom:video-decoder-webm-vp8: 9c59270c3fd7afecdb556c50c9e8de78 -> 
  custom:audio-decoder-ogg-vorbis: bf7c407c2cedff20999df2af8eb42d56 -> 
  custom:audio-encoder-webm-vorbis: bf7c407c2cedff20999df2af8eb42d56 -> 
========================================================================
Received Prepare
Registering precompiled user dll's ...
Registered in 0.009577 seconds.
Begin MonoManager ReloadAssembly
Native extension for WindowsStandalone target not found
Refreshing native plugins compatible for Editor in 1.12 ms, found 2 plugins.
Preloading 0 native plugins for Editor in 0.00 ms.
Mono: successfully reloaded assembly
- Completed reload, in  2.558 seconds
Platform modules already initialized, skipping
Refreshing native plugins compatible for Editor in 1.09 ms, found 2 plugins.
Preloading 0 native plugins for Editor in 0.00 ms.
Unloading 3086 Unused Serialized files (Serialized files now loaded: 0)
System memory in use before: 142.3 MB.
System memory in use after: 142.5 MB.

Unloading 16 unused Assets to reduce memory usage. Loaded Objects now: 3886.
Total: 6.659000 ms (FindLiveObjects: 0.403100 ms CreateObjectMapping: 0.203200 ms MarkObjects: 5.918000 ms  DeleteObjects: 0.132800 ms)

AssetImportParameters requested are different than current active one (requested -> active):
  custom:framework-win-MediaFoundation: 216162199b28c13a410421893ffa2e32 -> 
  custom:video-decoder-ogg-theora: a1e56fd34408186e4bbccfd4996cb3dc -> 
  custom:container-muxer-webm: aa71ff27fc2769a1b78a27578f13a17b -> 
  custom:container-demuxer-webm: 4f35f7cbe854078d1ac9338744f61a02 -> 
  custom:container-demuxer-ogg: 62fdf1f143b41e24485cea50d1cbac27 -> 
  custom:video-encoder-webm-vp8: eb34c28f22e8b96e1ab97ce403110664 -> 
  custom:video-decoder-webm-vp8: 9c59270c3fd7afecdb556c50c9e8de78 -> 
  custom:audio-decoder-ogg-vorbis: bf7c407c2cedff20999df2af8eb42d56 -> 
  custom:audio-encoder-webm-vorbis: bf7c407c2cedff20999df2af8eb42d56 -> 
========================================================================
Received Prepare
Registering precompiled user dll's ...
Registered in 0.010461 seconds.
Begin MonoManager ReloadAssembly
Native extension for WindowsStandalone target not found
Refreshing native plugins compatible for Editor in 1.08 ms, found 2 plugins.
Preloading 0 native plugins for Editor in 0.00 ms.
Mono: successfully reloaded assembly
- Completed reload, in  2.689 seconds
Platform modules already initialized, skipping
Refreshing native plugins compatible for Editor in 1.43 ms, found 2 plugins.
Preloading 0 native plugins for Editor in 0.00 ms.
Unloading 3086 Unused Serialized files (Serialized files now loaded: 0)
System memory in use before: 142.3 MB.
System memory in use after: 142.5 MB.

Unloading 16 unused Assets to reduce memory usage. Loaded Objects now: 3888.
Total: 6.669900 ms (FindLiveObjects: 0.557100 ms CreateObjectMapping: 0.294000 ms MarkObjects: 5.660500 ms  DeleteObjects: 0.156100 ms)

AssetImportParameters requested are different than current active one (requested -> active):
  custom:framework-win-MediaFoundation: 216162199b28c13a410421893ffa2e32 -> 
  custom:video-decoder-ogg-theora: a1e56fd34408186e4bbccfd4996cb3dc -> 
  custom:container-muxer-webm: aa71ff27fc2769a1b78a27578f13a17b -> 
  custom:container-demuxer-webm: 4f35f7cbe854078d1ac9338744f61a02 -> 
  custom:container-demuxer-ogg: 62fdf1f143b41e24485cea50d1cbac27 -> 
  custom:video-encoder-webm-vp8: eb34c28f22e8b96e1ab97ce403110664 -> 
  custom:video-decoder-webm-vp8: 9c59270c3fd7afecdb556c50c9e8de78 -> 
  custom:audio-decoder-ogg-vorbis: bf7c407c2cedff20999df2af8eb42d56 -> 
  custom:audio-encoder-webm-vorbis: bf7c407c2cedff20999df2af8eb42d56 -> 
========================================================================
Received Prepare
Registering precompiled user dll's ...
Registered in 0.008780 seconds.
Begin MonoManager ReloadAssembly
Native extension for WindowsStandalone target not found
Refreshing native plugins compatible for Editor in 0.97 ms, found 2 plugins.
Preloading 0 native plugins for Editor in 0.00 ms.
Mono: successfully reloaded assembly
- Completed reload, in  2.177 seconds
Platform modules already initialized, skipping
Refreshing native plugins compatible for Editor in 1.00 ms, found 2 plugins.
Preloading 0 native plugins for Editor in 0.00 ms.
Unloading 3086 Unused Serialized files (Serialized files now loaded: 0)
System memory in use before: 142.3 MB.
System memory in use after: 142.5 MB.

Unloading 16 unused Assets to reduce memory usage. Loaded Objects now: 3890.
Total: 4.612500 ms (FindLiveObjects: 0.485100 ms CreateObjectMapping: 0.228700 ms MarkObjects: 3.739800 ms  DeleteObjects: 0.156900 ms)

AssetImportParameters requested are different than current active one (requested -> active):
  custom:framework-win-MediaFoundation: 216162199b28c13a410421893ffa2e32 -> 
  custom:video-decoder-ogg-theora: a1e56fd34408186e4bbccfd4996cb3dc -> 
  custom:container-muxer-webm: aa71ff27fc2769a1b78a27578f13a17b -> 
  custom:container-demuxer-webm: 4f35f7cbe854078d1ac9338744f61a02 -> 
  custom:container-demuxer-ogg: 62fdf1f143b41e24485cea50d1cbac27 -> 
  custom:video-encoder-webm-vp8: eb34c28f22e8b96e1ab97ce403110664 -> 
  custom:video-decoder-webm-vp8: 9c59270c3fd7afecdb556c50c9e8de78 -> 
  custom:audio-decoder-ogg-vorbis: bf7c407c2cedff20999df2af8eb42d56 -> 
  custom:audio-encoder-webm-vorbis: bf7c407c2cedff20999df2af8eb42d56 -> 
========================================================================
Received Prepare
Registering precompiled user dll's ...
Registered in 0.011631 seconds.
Begin MonoManager ReloadAssembly
Native extension for WindowsStandalone target not found
Refreshing native plugins compatible for Editor in 0.76 ms, found 2 plugins.
Preloading 0 native plugins for Editor in 0.00 ms.
Mono: successfully reloaded assembly
- Completed reload, in  1.692 seconds
Platform modules already initialized, skipping
Refreshing native plugins compatible for Editor in 0.85 ms, found 2 plugins.
Preloading 0 native plugins for Editor in 0.00 ms.
Unloading 3086 Unused Serialized files (Serialized files now loaded: 0)
System memory in use before: 142.4 MB.
System memory in use after: 142.5 MB.

Unloading 16 unused Assets to reduce memory usage. Loaded Objects now: 3892.
Total: 5.294600 ms (FindLiveObjects: 0.488500 ms CreateObjectMapping: 0.247900 ms MarkObjects: 4.416700 ms  DeleteObjects: 0.139900 ms)

AssetImportParameters requested are different than current active one (requested -> active):
  custom:framework-win-MediaFoundation: 216162199b28c13a410421893ffa2e32 -> 
  custom:video-decoder-ogg-theora: a1e56fd34408186e4bbccfd4996cb3dc -> 
  custom:container-muxer-webm: aa71ff27fc2769a1b78a27578f13a17b -> 
  custom:container-demuxer-webm: 4f35f7cbe854078d1ac9338744f61a02 -> 
  custom:container-demuxer-ogg: 62fdf1f143b41e24485cea50d1cbac27 -> 
  custom:video-encoder-webm-vp8: eb34c28f22e8b96e1ab97ce403110664 -> 
  custom:video-decoder-webm-vp8: 9c59270c3fd7afecdb556c50c9e8de78 -> 
  custom:audio-decoder-ogg-vorbis: bf7c407c2cedff20999df2af8eb42d56 -> 
  custom:audio-encoder-webm-vorbis: bf7c407c2cedff20999df2af8eb42d56 -> 
========================================================================
Received Import Request.
  Time since last request: 4949.176257 seconds.
  path: Assets/Ennemi/Training Dump/Training Dump.asset
  artifactKey: Guid(fee150248f0e2af4c84f568e00d8a5f5) Importer(815301076,1909f56bfc062723c751e8b465ee728b)
Start importing Assets/Ennemi/Training Dump/Training Dump.asset using Guid(fee150248f0e2af4c84f568e00d8a5f5) Importer(815301076,1909f56bfc062723c751e8b465ee728b)  -> (artifact id: '4d680e4167fab13dd99d21f86a3bae20') in 0.031771 seconds 
  Import took 0.041539 seconds .

========================================================================
Received Import Request.
  Time since last request: 0.484677 seconds.
  path: Assets/Ennemi/Training Dump/Training Dump.asset
  artifactKey: Guid(fee150248f0e2af4c84f568e00d8a5f5) Importer(815301076,1909f56bfc062723c751e8b465ee728b)
Start importing Assets/Ennemi/Training Dump/Training Dump.asset using Guid(fee150248f0e2af4c84f568e00d8a5f5) Importer(815301076,1909f56bfc062723c751e8b465ee728b)  -> (artifact id: '4d680e4167fab13dd99d21f86a3bae20') in 0.005962 seconds 
  Import took 0.017170 seconds .

========================================================================
Received Prepare
Registering precompiled user dll's ...
Registered in 0.012062 seconds.
Begin MonoManager ReloadAssembly
Native extension for WindowsStandalone target not found
Refreshing native plugins compatible for Editor in 0.89 ms, found 2 plugins.
Preloading 0 native plugins for Editor in 0.00 ms.
Mono: successfully reloaded assembly
- Completed reload, in  2.522 seconds
Platform modules already initialized, skipping
Refreshing native plugins compatible for Editor in 1.23 ms, found 2 plugins.
Preloading 0 native plugins for Editor in 0.00 ms.
Unloading 3086 Unused Serialized files (Serialized files now loaded: 0)
System memory in use before: 142.4 MB.
System memory in use after: 142.6 MB.

Unloading 16 unused Assets to reduce memory usage. Loaded Objects now: 3894.
Total: 5.943100 ms (FindLiveObjects: 0.539300 ms CreateObjectMapping: 0.275200 ms MarkObjects: 4.916100 ms  DeleteObjects: 0.210200 ms)

AssetImportParameters requested are different than current active one (requested -> active):
  custom:framework-win-MediaFoundation: 216162199b28c13a410421893ffa2e32 -> 
  custom:video-decoder-ogg-theora: a1e56fd34408186e4bbccfd4996cb3dc -> 
  custom:container-muxer-webm: aa71ff27fc2769a1b78a27578f13a17b -> 
  custom:container-demuxer-webm: 4f35f7cbe854078d1ac9338744f61a02 -> 
  custom:container-demuxer-ogg: 62fdf1f143b41e24485cea50d1cbac27 -> 
  custom:video-encoder-webm-vp8: eb34c28f22e8b96e1ab97ce403110664 -> 
  custom:video-decoder-webm-vp8: 9c59270c3fd7afecdb556c50c9e8de78 -> 
  custom:audio-decoder-ogg-vorbis: bf7c407c2cedff20999df2af8eb42d56 -> 
  custom:audio-encoder-webm-vorbis: bf7c407c2cedff20999df2af8eb42d56 -> 
